<?xml version="1.0" encoding="utf-8"?><testsuites name="pytest tests"><testsuite name="pytest" errors="0" failures="0" skipped="0" tests="10" time="1.309" timestamp="2026-06-25T22:22:43.996365+00:00" hostname="agent-env-a150d2ae-7da0-47b5-98a9-138f7845dbf8"><testcase classname="backend.tests.test_quasar_api.TestRoot" name="test_root_returns_message" time="0.248" /><testcase classname="backend.tests.test_quasar_api.TestCaseStudies" name="test_get_all_case_studies" time="0.050" /><testcase classname="backend.tests.test_quasar_api.TestCaseStudies" name="test_get_case_study_by_slug" time="0.045" /><testcase classname="backend.tests.test_quasar_api.TestCaseStudies" name="test_get_invalid_case_study_returns_404" time="0.046" /><testcase classname="backend.tests.test_quasar_api.TestContact" name="test_submit_contact_valid" time="0.388" /><testcase classname="backend.tests.test_quasar_api.TestContact" name="test_submit_contact_without_company" time="0.212" /><testcase classname="backend.tests.test_quasar_api.TestContact" name="test_submit_contact_invalid_email" time="0.048" /><testcase classname="backend.tests.test_quasar_api.TestContact" name="test_submit_contact_missing_required" time="0.048" /><testcase classname="backend.tests.test_quasar_api.TestContact" name="test_get_contact_messages_no_objectid" time="0.048" /><testcase classname="backend.tests.test_quasar_api.TestStatus" name="test_create_and_get_status" time="0.100" /></testsuite></testsuites>